<?xml version="1.0" encoding="UTF-8"?>
<testsuite xmlns:xsi="http://www.w3.org/2001/XMLSchema-instance" xsi:noNamespaceSchemaLocation="https://maven.apache.org/surefire/maven-surefire-plugin/xsd/surefire-test-report.xsd" name="diplom_api.GetUserOrdersApiTest" time="3.07" tests="2" errors="0" skipped="0" failures="0">
  <properties>
[...]
</properties>
  <testcase name="getOrdersForUserWithoutAuthorization" classname="diplom_api.GetUserOrdersApiTest" time="0.823"/>
  <testcase name="getOrdersForUserWithAuthorization" classname="diplom_api.GetUserOrdersApiTest" time="2.245"/>
</testsuite>